Afghanistan
Albania
Angola
Armenia
Aruba
Austria
Azerbaijan
Bahamas  The
Bangladesh
Belgium
Belize
Bhutan
Botswana
Brazil
Burkina Faso
Burundi
Cabo Verde
Cambodia
Cameroon
Cayman Islands
Central African Republic
Chad
Chile
Colombia
Comoros
Congo  Dem. Rep.
Congo  Rep.
Costa Rica
Cote d'Ivoire
Croatia
Cyprus
Denmark
Dominica
Dominican Republic
Egypt  Arab Rep.
El Salvador
Equatorial Guinea
Eswatini
Ethiopia
Fiji
Finland
France
Gabon
Gambia  The
Germany
Ghana
Greece
Grenada
Guatemala
Guinea
Guinea-Bissau
Haiti
Hong Kong SAR  China
Hungary
Iceland
Indonesia
Ireland
Israel
Italy
Kenya
Lao PDR
Latvia
Liberia
Lithuania
Luxembourg
Macao SAR  China
Madagascar
Malawi
Maldives
Mali
Malta
Mauritania
Mauritius
Mexico
Moldova
Montenegro
Morocco
Myanmar
Namibia
Nepal
Netherlands
New Zealand
Nicaragua
Niger
Nigeria
Norway
Pakistan
Panama
Papua New Guinea
Paraguay
Peru
Philippines
Portugal
Romania
Rwanda
Samoa
Sao Tome and Principe
Senegal
Seychelles
Sierra Leone
Singapore
Slovak Republic
Slovenia
Solomon Islands
South Sudan
Spain
Sri Lanka
St. Kitts and Nevis
St. Lucia
St. Vincent and the Grenadines
Sudan
Suriname
Sweden
Switzerland
Tajikistan
Tanzania
Timor-Leste
Tonga
Tunisia
Turkey
Uganda
United Kingdom
Uruguay
Vanuatu
Yemen  Rep.
Zambia